android/app/build/outputs/logs/manifest-merger-debug-report.txt
-- Merging decision tree log ---
manifest
ADDED from src/main/AndroidManifest.xml:1:1-63:12
INJECTED from src/main/AndroidManifest.xml:1:1-63:12
INJECTED from src/main/AndroidManifest.xml:1:1-63:12
INJECTED from src/main/AndroidManifest.xml:1:1-63:12
MERGED from src/main/AndroidManifest.xml:1:1-63:12
MERGED from [:shared_preferences] AndroidManifest.xml:2:1-7:12
MERGED from [:sqflite] AndroidManifest.xml:2:1-7:12
MERGED from [:flutter_local_notifications] AndroidManifest.xml:2:1-23:12
MERGED from [:fluttertoast] AndroidManifest.xml:2:1-7:12
MERGED from [:path_provider] AndroidManifest.xml:2:1-7:12
MERGED from [:android_alarm_manager] AndroidManifest.xml:2:1-7:12
MERGED from [androidx.multidex:multidex:2.0.0] AndroidManifest.xml:17:1-22:12
MERGED from [androidx.media:media:1.1.0] AndroidManifest.xml:17:1-24:12
MERGED from [androidx.appcompat:appcompat:1.0.0] AndroidManifest.xml:17:1-22:12
MERGED from [androidx.fragment:fragment:1.1.0] AndroidManifest.xml:17:1-24:12
MERGED from [androidx.vectordrawable:vectordrawable-animated:1.0.0] AndroidManifest.xml:17:1-22:12
MERGED from [androidx.legacy:legacy-support-core-ui:1.0.0] AndroidManifest.xml:17:1-22:12
MERGED from [androidx.legacy:legacy-support-core-utils:1.0.0] AndroidManifest.xml:17:1-22:12
MERGED from [androidx.vectordrawable:vectordrawable:1.0.0] AndroidManifest.xml:17:1-22:12
MERGED from [androidx.viewpager:viewpager:1.0.0] AndroidManifest.xml:17:1-22:12
MERGED from [androidx.loader:loader:1.0.0] AndroidManifest.xml:17:1-22:12
MERGED from [androidx.activity:activity:1.0.0] AndroidManifest.xml:17:1-24:12
MERGED from [androidx.coordinatorlayout:coordinatorlayout:1.0.0] AndroidManifest.xml:17:1-22:12
MERGED from [androidx.drawerlayout:drawerlayout:1.0.0] AndroidManifest.xml:17:1-22:12
MERGED from [androidx.slidingpanelayout:slidingpanelayout:1.0.0] AndroidManifest.xml:17:1-22:12
MERGED from [androidx.customview:customview:1.0.0] AndroidManifest.xml:17:1-22:12
MERGED from [androidx.swiperefreshlayout:swiperefreshlayout:1.0.0] AndroidManifest.xml:17:1-22:12
MERGED from [androidx.asynclayoutinflater:asynclayoutinflater:1.0.0] AndroidManifest.xml:17:1-22:12
MERGED from [androidx.core:core:1.3.0] AndroidManifest.xml:17:1-26:12
MERGED from [com.jakewharton.threetenabp:threetenabp:1.2.3] AndroidManifest.xml:2:1-9:12
MERGED from [androidx.lifecycle:lifecycle-runtime:2.2.0] AndroidManifest.xml:17:1-24:12
MERGED from [androidx.savedstate:savedstate:1.0.0] AndroidManifest.xml:17:1-24:12
MERGED from [androidx.lifecycle:lifecycle-livedata:2.0.0] AndroidManifest.xml:17:1-22:12
MERGED from [androidx.lifecycle:lifecycle-livedata-core:2.0.0] AndroidManifest.xml:17:1-22:12
MERGED from [androidx.versionedparcelable:versionedparcelable:1.1.0] AndroidManifest.xml:17:1-27:12
MERGED from [androidx.cursoradapter:cursoradapter:1.0.0] AndroidManifest.xml:17:1-22:12
MERGED from [androidx.arch.core:core-runtime:2.0.0] AndroidManifest.xml:17:1-22:12
MERGED from [androidx.documentfile:documentfile:1.0.0] AndroidManifest.xml:17:1-22:12
MERGED from [androidx.localbroadcastmanager:localbroadcastmanager:1.0.0] AndroidManifest.xml:17:1-22:12
MERGED from [androidx.print:print:1.0.0] AndroidManifest.xml:17:1-22:12
MERGED from [androidx.lifecycle:lifecycle-viewmodel:2.1.0] AndroidManifest.xml:17:1-22:12
MERGED from [androidx.interpolator:interpolator:1.0.0] AndroidManifest.xml:17:1-22:12
INJECTED from src/debug/AndroidManifest.xml:1:1-7:12
INJECTED from src/debug/AndroidManifest.xml:1:1-7:12
INJECTED from src/debug/AndroidManifest.xml:1:1-7:12
	package
		ADDED from src/main/AndroidManifest.xml:2:5-44
		INJECTED from src/main/AndroidManifest.xml
		INJECTED from src/debug/AndroidManifest.xml
	android:versionName
		INJECTED from src/main/AndroidManifest.xml
		ADDED from src/main/AndroidManifest.xml:1:1-63:12
		INJECTED from src/debug/AndroidManifest.xml
	android:versionCode
		INJECTED from src/main/AndroidManifest.xml
		ADDED from src/main/AndroidManifest.xml:1:1-63:12
		INJECTED from src/debug/AndroidManifest.xml
	xmlns:android
		ADDED from src/main/AndroidManifest.xml:1:11-69
uses-permission#android.permission.INTERNET
ADDED from src/main/AndroidManifest.xml:3:4-65
MERGED from src/main/AndroidManifest.xml:3:4-65
MERGED from src/main/AndroidManifest.xml:3:4-65
	android:name
		ADDED from src/main/AndroidManifest.xml:3:21-63
uses-permission#android.permission.RECEIVE_BOOT_COMPLETED
ADDED from src/main/AndroidManifest.xml:4:4-79
MERGED from [:flutter_local_notifications] AndroidManifest.xml:7:5-81
MERGED from [:flutter_local_notifications] AndroidManifest.xml:7:5-81
	android:name
		ADDED from src/main/AndroidManifest.xml:4:21-77
uses-permission#android.permission.WAKE_LOCK
ADDED from src/main/AndroidManifest.xml:5:4-66
	android:name
		ADDED from src/main/AndroidManifest.xml:5:21-64
application
ADDED from src/main/AndroidManifest.xml:6:4-62:19
MERGED from [:flutter_local_notifications] AndroidManifest.xml:11:5-21:19
MERGED from [:flutter_local_notifications] AndroidManifest.xml:11:5-21:19
MERGED from [androidx.core:core:1.3.0] AndroidManifest.xml:24:5-89
MERGED from [androidx.core:core:1.3.0] AndroidManifest.xml:24:5-89
MERGED from [com.jakewharton.threetenabp:threetenabp:1.2.3] AndroidManifest.xml:7:5-20
MERGED from [com.jakewharton.threetenabp:threetenabp:1.2.3] AndroidManifest.xml:7:5-20
MERGED from [androidx.versionedparcelable:versionedparcelable:1.1.0] AndroidManifest.xml:24:5-25:19
MERGED from [androidx.versionedparcelable:versionedparcelable:1.1.0] AndroidManifest.xml:24:5-25:19
	android:appComponentFactory
		ADDED from [androidx.core:core:1.3.0] AndroidManifest.xml:24:18-86
	android:label
		ADDED from src/main/AndroidManifest.xml:7:9-39
	android:icon
		ADDED from src/main/AndroidManifest.xml:8:9-43
	android:allowBackup
		ADDED from src/main/AndroidManifest.xml:9:9-36
activity#com.submission.restaurant_app.MainActivity
ADDED from src/main/AndroidManifest.xml:10:9-38:20
	android:launchMode
		ADDED from src/main/AndroidManifest.xml:12:13-43
	android:hardwareAccelerated
		ADDED from src/main/AndroidManifest.xml:15:13-47
	android:windowSoftInputMode
		ADDED from src/main/AndroidManifest.xml:16:13-55
	android:configChanges
		ADDED from src/main/AndroidManifest.xml:14:13-163
	android:theme
		ADDED from src/main/AndroidManifest.xml:13:13-47
	android:name
		ADDED from src/main/AndroidManifest.xml:11:13-70
meta-data#io.flutter.embedding.android.NormalTheme
ADDED from src/main/AndroidManifest.xml:21:13-24:17
	android:resource
		ADDED from src/main/AndroidManifest.xml:23:15-52
	android:name
		ADDED from src/main/AndroidManifest.xml:22:15-70
meta-data#io.flutter.embedding.android.SplashScreenDrawable
ADDED from src/main/AndroidManifest.xml:30:13-33:17
	android:resource
		ADDED from src/main/AndroidManifest.xml:32:15-61
	android:name
		ADDED from src/main/AndroidManifest.xml:31:15-79
intent-filter#action:name:android.intent.action.MAIN+category:name:android.intent.category.LAUNCHER
ADDED from src/main/AndroidManifest.xml:34:13-37:29
action#android.intent.action.MAIN
ADDED from src/main/AndroidManifest.xml:35:17-68
	android:name
		ADDED from src/main/AndroidManifest.xml:35:25-66
category#android.intent.category.LAUNCHER
ADDED from src/main/AndroidManifest.xml:36:17-76
	android:name
		ADDED from src/main/AndroidManifest.xml:36:27-74
service#io.flutter.plugins.androidalarmmanager.AlarmService
ADDED from src/main/AndroidManifest.xml:39:9-42:39
	android:exported
		ADDED from src/main/AndroidManifest.xml:42:13-37
	android:permission
		ADDED from src/main/AndroidManifest.xml:41:13-69
	android:name
		ADDED from src/main/AndroidManifest.xml:40:13-79
receiver#io.flutter.plugins.androidalarmmanager.AlarmBroadcastReceiver
ADDED from src/main/AndroidManifest.xml:43:9-45:39
	android:exported
		ADDED from src/main/AndroidManifest.xml:45:13-37
	android:name
		ADDED from src/main/AndroidManifest.xml:44:13-89
receiver#io.flutter.plugins.androidalarmmanager.RebootBroadcastReceiver
ADDED from src/main/AndroidManifest.xml:46:9-52:20
	android:enabled
		ADDED from src/main/AndroidManifest.xml:48:13-36
	android:name
		ADDED from src/main/AndroidManifest.xml:47:13-90
intent-filter#action:name:android.intent.action.BOOT_COMPLETED
ADDED from src/main/AndroidManifest.xml:49:13-51:29
action#android.intent.action.BOOT_COMPLETED
ADDED from src/main/AndroidManifest.xml:50:17-78
	android:name
		ADDED from src/main/AndroidManifest.xml:50:25-76
receiver#com.dexterous.flutterlocalnotifications.ScheduledNotificationBootReceiver
ADDED from src/main/AndroidManifest.xml:53:9-57:22
MERGED from [:flutter_local_notifications] AndroidManifest.xml:13:9-20:20
MERGED from [:flutter_local_notifications] AndroidManifest.xml:13:9-20:20
	android:name
		ADDED from src/main/AndroidManifest.xml:53:19-107
receiver#com.dexterous.flutterlocalnotifications.ScheduledNotificationReceiver
ADDED from src/main/AndroidManifest.xml:58:9-106
MERGED from [:flutter_local_notifications] AndroidManifest.xml:12:9-106
MERGED from [:flutter_local_notifications] AndroidManifest.xml:12:9-106
	android:name
		ADDED from src/main/AndroidManifest.xml:58:19-103
meta-data#flutterEmbedding
ADDED from src/main/AndroidManifest.xml:59:9-61:33
	android:value
		ADDED from src/main/AndroidManifest.xml:61:13-30
	android:name
		ADDED from src/main/AndroidManifest.xml:60:13-44
uses-sdk
INJECTED from src/main/AndroidManifest.xml reason: use-sdk injection requested
INJECTED from src/main/AndroidManifest.xml
INJECTED from src/main/AndroidManifest.xml
MERGED from [:shared_preferences] AndroidManifest.xml:5:5-44
MERGED from [:shared_preferences] AndroidManifest.xml:5:5-44
MERGED from [:sqflite] AndroidManifest.xml:5:5-44
MERGED from [:sqflite] AndroidManifest.xml:5:5-44
MERGED from [:flutter_local_notifications] AndroidManifest.xml:5:5-44
MERGED from [:flutter_local_notifications] AndroidManifest.xml:5:5-44
MERGED from [:fluttertoast] AndroidManifest.xml:5:5-44
MERGED from [:fluttertoast] AndroidManifest.xml:5:5-44
MERGED from [:path_provider] AndroidManifest.xml:5:5-44
MERGED from [:path_provider] AndroidManifest.xml:5:5-44
MERGED from [:android_alarm_manager] AndroidManifest.xml:5:5-44
MERGED from [:android_alarm_manager] AndroidManifest.xml:5:5-44
MERGED from [androidx.multidex:multidex:2.0.0] AndroidManifest.xml:20:5-43
MERGED from [androidx.multidex:multidex:2.0.0] AndroidManifest.xml:20:5-43
MERGED from [androidx.media:media:1.1.0] AndroidManifest.xml:20:5-22:41
MERGED from [androidx.media:media:1.1.0] AndroidManifest.xml:20:5-22:41
MERGED from [androidx.appcompat:appcompat:1.0.0] AndroidManifest.xml:20:5-44
MERGED from [androidx.appcompat:appcompat:1.0.0] AndroidManifest.xml:20:5-44
MERGED from [androidx.fragment:fragment:1.1.0] AndroidManifest.xml:20:5-22:41
MERGED from [androidx.fragment:fragment:1.1.0] AndroidManifest.xml:20:5-22:41
MERGED from [androidx.vectordrawable:vectordrawable-animated:1.0.0] AndroidManifest.xml:20:5-44
MERGED from [androidx.vectordrawable:vectordrawable-animated:1.0.0] AndroidManifest.xml:20:5-44
MERGED from [androidx.legacy:legacy-support-core-ui:1.0.0] AndroidManifest.xml:20:5-44
MERGED from [androidx.legacy:legacy-support-core-ui:1.0.0] AndroidManifest.xml:20:5-44
MERGED from [androidx.legacy:legacy-support-core-utils:1.0.0] AndroidManifest.xml:20:5-44
MERGED from [androidx.legacy:legacy-support-core-utils:1.0.0] AndroidManifest.xml:20:5-44
MERGED from [androidx.vectordrawable:vectordrawable:1.0.0] AndroidManifest.xml:20:5-44
MERGED from [androidx.vectordrawable:vectordrawable:1.0.0] AndroidManifest.xml:20:5-44
MERGED from [androidx.viewpager:viewpager:1.0.0] AndroidManifest.xml:20:5-44
MERGED from [androidx.viewpager:viewpager:1.0.0] AndroidManifest.xml:20:5-44
MERGED from [androidx.loader:loader:1.0.0] AndroidManifest.xml:20:5-44
MERGED from [androidx.loader:loader:1.0.0] AndroidManifest.xml:20:5-44
MERGED from [androidx.activity:activity:1.0.0] AndroidManifest.xml:20:5-22:41
MERGED from [androidx.activity:activity:1.0.0] AndroidManifest.xml:20:5-22:41
MERGED from [androidx.coordinatorlayout:coordinatorlayout:1.0.0] AndroidManifest.xml:20:5-44
MERGED from [androidx.coordinatorlayout:coordinatorlayout:1.0.0] AndroidManifest.xml:20:5-44
MERGED from [androidx.drawerlayout:drawerlayout:1.0.0] AndroidManifest.xml:20:5-44
MERGED from [androidx.drawerlayout:drawerlayout:1.0.0] AndroidManifest.xml:20:5-44
MERGED from [androidx.slidingpanelayout:slidingpanelayout:1.0.0] AndroidManifest.xml:20:5-44
MERGED from [androidx.slidingpanelayout:slidingpanelayout:1.0.0] AndroidManifest.xml:20:5-44
MERGED from [androidx.customview:customview:1.0.0] AndroidManifest.xml:20:5-44
MERGED from [androidx.customview:customview:1.0.0] AndroidManifest.xml:20:5-44
MERGED from [androidx.swiperefreshlayout:swiperefreshlayout:1.0.0] AndroidManifest.xml:20:5-44
MERGED from [androidx.swiperefreshlayout:swiperefreshlayout:1.0.0] AndroidManifest.xml:20:5-44
MERGED from [androidx.asynclayoutinflater:asynclayoutinflater:1.0.0] AndroidManifest.xml:20:5-44
MERGED from [androidx.asynclayoutinflater:asynclayoutinflater:1.0.0] AndroidManifest.xml:20:5-44
MERGED from [androidx.core:core:1.3.0] AndroidManifest.xml:20:5-22:41
MERGED from [androidx.core:core:1.3.0] AndroidManifest.xml:20:5-22:41
MERGED from [com.jakewharton.threetenabp:threetenabp:1.2.3] AndroidManifest.xml:5:5-44
MERGED from [com.jakewharton.threetenabp:threetenabp:1.2.3] AndroidManifest.xml:5:5-44
MERGED from [androidx.lifecycle:lifecycle-runtime:2.2.0] AndroidManifest.xml:20:5-22:41
MERGED from [androidx.lifecycle:lifecycle-runtime:2.2.0] AndroidManifest.xml:20:5-22:41
MERGED from [androidx.savedstate:savedstate:1.0.0] AndroidManifest.xml:20:5-22:41
MERGED from [androidx.savedstate:savedstate:1.0.0] AndroidManifest.xml:20:5-22:41
MERGED from [androidx.lifecycle:lifecycle-livedata:2.0.0] AndroidManifest.xml:20:5-44
MERGED from [androidx.lifecycle:lifecycle-livedata:2.0.0] AndroidManifest.xml:20:5-44
MERGED from [androidx.lifecycle:lifecycle-livedata-core:2.0.0] AndroidManifest.xml:20:5-44
MERGED from [androidx.lifecycle:lifecycle-livedata-core:2.0.0] AndroidManifest.xml:20:5-44
MERGED from [androidx.versionedparcelable:versionedparcelable:1.1.0] AndroidManifest.xml:20:5-22:41
MERGED from [androidx.versionedparcelable:versionedparcelable:1.1.0] AndroidManifest.xml:20:5-22:41
MERGED from [androidx.cursoradapter:cursoradapter:1.0.0] AndroidManifest.xml:20:5-44
MERGED from [androidx.cursoradapter:cursoradapter:1.0.0] AndroidManifest.xml:20:5-44
MERGED from [androidx.arch.core:core-runtime:2.0.0] AndroidManifest.xml:20:5-44
MERGED from [androidx.arch.core:core-runtime:2.0.0] AndroidManifest.xml:20:5-44
MERGED from [androidx.documentfile:documentfile:1.0.0] AndroidManifest.xml:20:5-44
MERGED from [androidx.documentfile:documentfile:1.0.0] AndroidManifest.xml:20:5-44
MERGED from [androidx.localbroadcastmanager:localbroadcastmanager:1.0.0] AndroidManifest.xml:20:5-44
MERGED from [androidx.localbroadcastmanager:localbroadcastmanager:1.0.0] AndroidManifest.xml:20:5-44
MERGED from [androidx.print:print:1.0.0] AndroidManifest.xml:20:5-44
MERGED from [androidx.print:print:1.0.0] AndroidManifest.xml:20:5-44
MERGED from [androidx.lifecycle:lifecycle-viewmodel:2.1.0] AndroidManifest.xml:20:5-44
MERGED from [androidx.lifecycle:lifecycle-viewmodel:2.1.0] AndroidManifest.xml:20:5-44
MERGED from [androidx.interpolator:interpolator:1.0.0] AndroidManifest.xml:20:5-44
MERGED from [androidx.interpolator:interpolator:1.0.0] AndroidManifest.xml:20:5-44
INJECTED from src/debug/AndroidManifest.xml
INJECTED from src/debug/AndroidManifest.xml
	android:targetSdkVersion
		INJECTED from src/main/AndroidManifest.xml
		INJECTED from src/debug/AndroidManifest.xml
	android:minSdkVersion
		INJECTED from src/main/AndroidManifest.xml
		INJECTED from src/debug/AndroidManifest.xml
uses-permission#android.permission.VIBRATE
ADDED from [:flutter_local_notifications] AndroidManifest.xml:8:5-66
	android:name
		ADDED from [:flutter_local_notifications] AndroidManifest.xml:8:22-63
uses-permission#android.permission.USE_FULL_SCREEN_INTENT
ADDED from [:flutter_local_notifications] AndroidManifest.xml:9:5-81
	android:name
		ADDED from [:flutter_local_notifications] AndroidManifest.xml:9:22-78
intent-filter#action:name:android.intent.action.BOOT_COMPLETED+action:name:android.intent.action.MY_PACKAGE_REPLACED+action:name:android.intent.action.QUICKBOOT_POWERON+action:name:com.htc.intent.action.QUICKBOOT_POWERON
ADDED from [:flutter_local_notifications] AndroidManifest.xml:14:13-19:29
action#android.intent.action.MY_PACKAGE_REPLACED
ADDED from [:flutter_local_notifications] AndroidManifest.xml:16:17-84
	android:name
		ADDED from [:flutter_local_notifications] AndroidManifest.xml:16:25-81
action#android.intent.action.QUICKBOOT_POWERON
ADDED from [:flutter_local_notifications] AndroidManifest.xml:17:17-82
	android:name
		ADDED from [:flutter_local_notifications] AndroidManifest.xml:17:25-79
action#com.htc.intent.action.QUICKBOOT_POWERON
ADDED from [:flutter_local_notifications] AndroidManifest.xml:18:17-82
	android:name
		ADDED from [:flutter_local_notifications] AndroidManifest.xml:18:25-79